0 info it worked if it ends with ok
1 verbose cli [ 'c:\\node\\node.exe',
1 verbose cli   'c:\\node\\node_modules\\npm\\bin\\npm-cli.js',
1 verbose cli   'run',
1 verbose cli   'webpack',
1 verbose cli   '--scripts-prepend-node-path=auto' ]
2 info using npm@3.10.10
3 info using node@v6.12.3
4 verbose run-script [ 'prewebpack', 'webpack', 'postwebpack' ]
5 info lifecycle react-flux@1.0.0~prewebpack: react-flux@1.0.0
6 silly lifecycle react-flux@1.0.0~prewebpack: no script for prewebpack, continuing
7 info lifecycle react-flux@1.0.0~webpack: react-flux@1.0.0
8 verbose lifecycle react-flux@1.0.0~webpack: unsafe-perm in lifecycle true
9 verbose lifecycle react-flux@1.0.0~webpack: PATH: c:\nvm\v6.12.3\node_modules\npm\bin\node-gyp-bin;C:\Samples\react-redux-webpack-ts\node_modules\.bin;C:\ProgramData\Oracle\Java\javapath;C:\Windows\system32;C:\Windows;C:\Windows\System32\Wbem;C:\Windows\System32\WindowsPowerShell\v1.0\;C:\Program Files\Microsoft SQL Server\120\Tools\Binn\;C:\Program Files\Microsoft SQL Server\130\Tools\Binn\;C:\Program Files\Microsoft\Web Platform Installer\;C:\Windows\System32\WindowsPowerShell\v1.0\;c:\Program Files (x86)\Microsoft SQL Server\100\Tools\Binn\;c:\Program Files\Microsoft SQL Server\100\Tools\Binn\;c:\Program Files\Microsoft SQL Server\100\DTS\Binn\;C:\Program Files\dotnet\;c:\Program Files (x86)\Microsoft ASP.NET\ASP.NET Web Pages\v1.0\;C:\Program Files (x86)\NVIDIA Corporation\PhysX\Common;C:\Program Files (x86)\WinMerge;C:\Windows\System32\WindowsPowerShell\v1.0\;C:\Program Files (x86)\Yarn\bin;C:\Program Files (x86)\Microsoft SQL Server\Client SDK\ODBC\130\Tools\Binn\;C:\Program Files (x86)\Microsoft SQL Server\140\Tools\Binn\;C:\Program Files (x86)\Microsoft SQL Server\140\DTS\Binn\;C:\Program Files (x86)\Microsoft SQL Server\140\Tools\Binn\ManagementStudio\;C:\Program Files\PuTTY\;C:\nvm;C:\nodejs;C:\Program Files\Git\cmd;C:\TEE-CLC;C:\phantom\bin;C:\Fiddler;C:\Program Files\Microsoft VS Code\bin;C:\Users\kotlyachkov\AppData\Local\Yarn\bin;c:\node
10 verbose lifecycle react-flux@1.0.0~webpack: CWD: C:\Samples\react-redux-webpack-ts
11 silly lifecycle react-flux@1.0.0~webpack: Args: [ '/d /s /c', 'webpack' ]
12 silly lifecycle react-flux@1.0.0~webpack: Returned: code: 2  signal: null
13 info lifecycle react-flux@1.0.0~webpack: Failed to exec webpack script
14 verbose stack Error: react-flux@1.0.0 webpack: `webpack`
14 verbose stack Exit status 2
14 verbose stack     at EventEmitter.<anonymous> (c:\nvm\v6.12.3\node_modules\npm\lib\utils\lifecycle.js:255:16)
14 verbose stack     at emitTwo (events.js:106:13)
14 verbose stack     at EventEmitter.emit (events.js:191:7)
14 verbose stack     at ChildProcess.<anonymous> (c:\nvm\v6.12.3\node_modules\npm\lib\utils\spawn.js:40:14)
14 verbose stack     at emitTwo (events.js:106:13)
14 verbose stack     at ChildProcess.emit (events.js:191:7)
14 verbose stack     at maybeClose (internal/child_process.js:920:16)
14 verbose stack     at Process.ChildProcess._handle.onexit (internal/child_process.js:230:5)
15 verbose pkgid react-flux@1.0.0
16 verbose cwd C:\Samples\react-redux-webpack-ts
17 error Windows_NT 6.1.7601
18 error argv "c:\\node\\node.exe" "c:\\node\\node_modules\\npm\\bin\\npm-cli.js" "run" "webpack" "--scripts-prepend-node-path=auto"
19 error node v6.12.3
20 error npm  v3.10.10
21 error code ELIFECYCLE
22 error react-flux@1.0.0 webpack: `webpack`
22 error Exit status 2
23 error Failed at the react-flux@1.0.0 webpack script 'webpack'.
23 error Make sure you have the latest version of node.js and npm installed.
23 error If you do, this is most likely a problem with the react-flux package,
23 error not with npm itself.
23 error Tell the author that this fails on your system:
23 error     webpack
23 error You can get information on how to open an issue for this project with:
23 error     npm bugs react-flux
23 error Or if that isn't available, you can get their info via:
23 error     npm owner ls react-flux
23 error There is likely additional logging output above.
24 verbose exit [ 1, true ]
